<?xml version="1.0" encoding="UTF-8"?>
<!-- Generated by org.testng.reporters.JUnitReportReporter -->
<testsuite skipped="0" hostname="USER-20160309JQ" name="com.ys.bbb.NewTest" tests="2" failures="0" timestamp="25 六月 2018 21:09:31 GMT" time="0.001" errors="0">
  <testcase name="f" time="0.001" classname="com.ys.bbb.NewTest"/>
  <testcase name="f" time="0.000" classname="com.ys.bbb.NewTest"/>
</testsuite> <!-- com.ys.bbb.NewTest -->
