<?xml version="1.0" encoding="UTF-8"?>
<!-- Generated by org.testng.reporters.JUnitReportReporter -->
<testsuite skipped="0" hostname="USER-20160309JQ" name="com.ys.aaa.App" tests="2" failures="0" timestamp="25 六月 2018 20:59:39 GMT" time="0.015" errors="0">
  <testcase name="f" time="0.014" classname="com.ys.aaa.App"/>
  <testcase name="f" time="0.001" classname="com.ys.aaa.App"/>
</testsuite> <!-- com.ys.aaa.App -->
