<?xml version="1.0" encoding="UTF-8"?>
<!-- Generated by org.testng.reporters.JUnitReportReporter -->
<testsuite skipped="0" hostname="USER-20160309JQ" name="com.ys.aaa.NewTest" tests="2" failures="0" timestamp="25 六月 2018 20:11:22 GMT" time="0.010" errors="0">
  <testcase name="f" time="0.009" classname="com.ys.aaa.NewTest"/>
  <testcase name="f" time="0.001" classname="com.ys.aaa.NewTest"/>
</testsuite> <!-- com.ys.aaa.NewTest -->
