<?xml version="1.0" encoding="UTF-8"?>
<!-- Generated by org.testng.reporters.JUnitReportReporter -->
<testsuite hostname="USER-20160309JQ" name="com.ys.bbb.NewTest" tests="1" failures="0" timestamp="26 Jun 2018 08:55:33 GMT" time="21.630" errors="0">
  <testcase name="f" time="21.630" classname="com.ys.bbb.NewTest"/>
</testsuite> <!-- com.ys.bbb.NewTest -->
